<?xml version="1.0" encoding="UTF-8"?>
<!-- Generated by org.testng.reporters.JUnitXMLReporter -->
<testsuite ignored="2" hostname="NPM-LAPTOP" failures="0" tests="4" name="Test02" time="29.921" errors="0" timestamp="2023-03-27T15:33:53 IST">
  <testcase classname="practice_package.TS_04" name="script_07" time="0.002"/>
  <testcase classname="practice_package.TS_04" name="script_08" time="0.001"/>
  <testcase classname="practice_package.TS_01" name="script_01" time="0.001"/>
  <testcase classname="practice_package.TS_01" name="script_02" time="0.002"/>
  <testcase classname="com.GenericUtility.BaseClass" name="@AfterSuite configAS" time="0.0">
    <ignored/>
  </testcase> <!-- @AfterSuite configAS -->
  <testcase classname="com.GenericUtility.BaseClass" name="@BeforeSuite configBS" time="0.0">
    <ignored/>
  </testcase> <!-- @BeforeSuite configBS -->
</testsuite> <!-- Test02 -->
