<?xml version="1.0" encoding="UTF-8"?>
<!-- Generated by org.testng.reporters.JUnitXMLReporter -->
<testsuite ignored="6" hostname="NPM-LAPTOP" failures="0" tests="8" name="Test01" time="38.193" errors="0" timestamp="2023-03-27T15:33:23 IST">
  <testcase classname="practice_package.TS_03" name="script_05" time="0.014"/>
  <testcase classname="practice_package.TS_03" name="script_06" time="0.002"/>
  <testcase classname="practice_package.TS_02" name="script_03" time="0.003"/>
  <testcase classname="practice_package.TS_02" name="script_04" time="0.003"/>
  <testcase classname="practice_package.TS_04" name="script_07" time="0.002"/>
  <testcase classname="practice_package.TS_04" name="script_08" time="0.002"/>
  <testcase classname="practice_package.TS_01" name="script_01" time="0.002"/>
  <testcase classname="practice_package.TS_01" name="script_02" time="0.003"/>
  <testcase classname="com.GenericUtility.BaseClass" name="@AfterSuite configAS" time="0.0">
    <ignored/>
  </testcase> <!-- @AfterSuite configAS -->
  <testcase classname="com.GenericUtility.BaseClass" name="@AfterSuite configAS" time="0.0">
    <ignored/>
  </testcase> <!-- @AfterSuite configAS -->
  <testcase classname="com.GenericUtility.BaseClass" name="@AfterSuite configAS" time="0.0">
    <ignored/>
  </testcase> <!-- @AfterSuite configAS -->
  <testcase classname="com.GenericUtility.BaseClass" name="@BeforeSuite configBS" time="0.0">
    <ignored/>
  </testcase> <!-- @BeforeSuite configBS -->
  <testcase classname="com.GenericUtility.BaseClass" name="@BeforeSuite configBS" time="0.0">
    <ignored/>
  </testcase> <!-- @BeforeSuite configBS -->
  <testcase classname="com.GenericUtility.BaseClass" name="@BeforeSuite configBS" time="0.0">
    <ignored/>
  </testcase> <!-- @BeforeSuite configBS -->
</testsuite> <!-- Test01 -->
